<?xml version="1.0" encoding="UTF-8"?>
<testng-results ignored="0" total="2" passed="2" failed="0" skipped="0">
  <reporter-output>
  </reporter-output>
  <suite started-at="2023-05-02T15:30:17 BDT" name="Default suite" finished-at="2023-05-02T15:30:46 BDT" duration-ms="28592">
    <groups>
    </groups>
    <test started-at="2023-05-02T15:30:17 BDT" name="Default test" finished-at="2023-05-02T15:30:46 BDT" duration-ms="28592">
      <class name="GrouTest.BaseUrl">
        <test-method is-config="true" signature="start()[pri:0, instance:GrouTest.BaseUrl@6892b3b6]" started-at="2023-05-02T15:29:28 BDT" name="start" finished-at="2023-05-02T15:30:17 BDT" duration-ms="49416" status="PASS">
          <reporter-output>
          </reporter-output>
        </test-method> <!-- start -->
        <test-method signature="browserstart()[pri:1, instance:GrouTest.BaseUrl@6892b3b6]" started-at="2023-05-02T15:30:17 BDT" name="browserstart" finished-at="2023-05-02T15:30:32 BDT" duration-ms="15053" status="PASS">
          <reporter-output>
          </reporter-output>
        </test-method> <!-- browserstart -->
        <test-method signature="login()[pri:2, instance:GrouTest.BaseUrl@6892b3b6]" started-at="2023-05-02T15:30:32 BDT" name="login" finished-at="2023-05-02T15:30:46 BDT" duration-ms="13456" status="PASS">
          <reporter-output>
          </reporter-output>
        </test-method> <!-- login -->
        <test-method is-config="true" signature="close()[pri:0, instance:GrouTest.BaseUrl@6892b3b6]" started-at="2023-05-02T15:30:46 BDT" name="close" finished-at="2023-05-02T15:30:48 BDT" duration-ms="2187" status="PASS">
          <reporter-output>
          </reporter-output>
        </test-method> <!-- close -->
      </class> <!-- GrouTest.BaseUrl -->
    </test> <!-- Default test -->
  </suite> <!-- Default suite -->
</testng-results>
